***********************************************
train info:
( 0, 0) eye position:425 240 338 238
( 0, 1) eye position:429 259 347 254
( 0, 2) eye position:433 262 348 261
( 1, 0) eye position:413 245 327 244
( 1, 1) eye position:416 254 330 252
( 1, 2) eye position:414 262 329 263
( 2, 0) eye position:390 246 304 248
( 2, 1) eye position:395 258 311 259
( 2, 2) eye position:394 264 310 266
***********************************************
predictor info:
metaData:
19.6512 19.4828 0.850476 -0.375238 -19.871 -19.0759 
-5.88307 -5.36297 0.403924 0.489175 6.93418 6.87787 
train data:
第0行：425 240 338 238 
第1行：429 259 347 254 
第2行：433 262 348 261 
第3行：413 245 327 244 
第4行：416 254 330 252 
第5行：414 262 329 263 
第6行：390 246 304 248 
第7行：395 258 311 259 
第8行：394 264 310 266 
bias:
412 254 327 253 
***********************************************
tracking
eye position is: 391 266 308 266 predict pos is : (2, 2)
***********************************************
tracking
eye position is: 395 266 310 266 predict pos is : (2, 2)
***********************************************
tracking
eye position is: 394 263 310 265 predict pos is : (2, 2)
***********************************************
tracking
eye position is: 395 263 312 266 predict pos is : (2, 2)
***********************************************
tracking
eye position is: 394 260 310 264 predict pos is : (2, 2)
***********************************************
tracking
eye position is: 392 260 309 263 predict pos is : (2, 2)
***********************************************
tracking
eye position is: 390 256 307 257 predict pos is : (2, 1)
***********************************************
tracking
eye position is: 391 247 306 250 predict pos is : (2, 0)
***********************************************
tracking
eye position is: 390 244 306 247 predict pos is : (2, 0)
***********************************************
tracking
eye position is: 390 242 306 245 predict pos is : (2, 0)
***********************************************
tracking
eye position is: 391 241 305 244 predict pos is : (2, 0)
***********************************************
tracking
eye position is: 390 238 305 242 predict pos is : (2, 0)
***********************************************
tracking
eye position is: 390 234 307 236 predict pos is : (2, 0)
***********************************************
tracking
eye position is: 408 230 323 236 predict pos is : (1, 0)
***********************************************
tracking
eye position is: 420 232 334 234 predict pos is : (1, 0)
***********************************************
tracking
***********************************************
tracking
eye position is: 422 232 340 234 predict pos is : (0, 0)
***********************************************
tracking
eye position is: 425 235 342 236 predict pos is : (0, 0)
***********************************************
tracking
eye position is: 425 236 340 240 predict pos is : (0, 0)
***********************************************
tracking
eye position is: 428 241 346 244 predict pos is : (0, 0)
***********************************************
tracking
eye position is: 434 234 350 240 predict pos is : (0, 0)
***********************************************
tracking
***********************************************
tracking
eye position is: 430 247 352 248 predict pos is : (0, 0)
***********************************************
tracking
eye position is: 434 251 353 253 predict pos is : (0, 1)
***********************************************
tracking
***********************************************
tracking
***********************************************
tracking
eye position is: 430 256 348 259 predict pos is : (0, 2)
***********************************************
tracking
***********************************************
tracking
***********************************************
tracking
***********************************************
tracking
***********************************************
tracking
***********************************************
tracking
eye position is: 430 256 348 258 predict pos is : (0, 1)
***********************************************
tracking
eye position is: 431 251 346 256 predict pos is : (0, 1)
***********************************************
tracking
eye position is: 426 246 347 250 predict pos is : (0, 0)
***********************************************
tracking
eye position is: 428 250 346 252 predict pos is : (0, 1)
***********************************************
tracking
eye position is: 425 248 344 252 predict pos is : (0, 0)
***********************************************
tracking
eye position is: 421 250 339 254 predict pos is : (0, 1)
***********************************************
tracking
eye position is: 414 251 330 252 predict pos is : (1, 1)
***********************************************
tracking
eye position is: 402 248 320 250 predict pos is : (1, 0)
***********************************************
tracking
eye position is: 400 246 319 250 predict pos is : (2, 0)
***********************************************
tracking
eye position is: 402 248 320 250 predict pos is : (1, 0)
***********************************************
tracking
eye position is: 404 249 320 252 predict pos is : (1, 0)
***********************************************
tracking
eye position is: 402 250 322 254 predict pos is : (1, 1)
***********************************************
tracking
eye position is: 404 252 322 254 predict pos is : (1, 1)
***********************************************
tracking
***********************************************
tracking
eye position is: 405 256 322 259 predict pos is : (1, 2)
***********************************************
tracking
eye position is: 405 258 320 262 predict pos is : (1, 2)
***********************************************
tracking
***********************************************
tracking
eye position is: 408 260 323 264 predict pos is : (1, 2)
***********************************************
tracking
eye position is: 410 264 324 268 predict pos is : (1, 2)
***********************************************
tracking
eye position is: 408 264 325 267 predict pos is : (1, 2)
***********************************************
tracking
eye position is: 410 262 327 264 predict pos is : (1, 2)
***********************************************
tracking
eye position is: 419 260 336 262 predict pos is : (1, 2)
***********************************************
tracking
***********************************************
tracking
eye position is: 428 256 345 259 predict pos is : (0, 2)
***********************************************
tracking
***********************************************
tracking
***********************************************
tracking
eye position is: 426 258 345 260 predict pos is : (0, 2)
***********************************************
tracking
eye position is: 428 255 346 258 predict pos is : (0, 1)
***********************************************
tracking
eye position is: 428 254 346 256 predict pos is : (0, 1)
***********************************************
tracking
eye position is: 426 255 346 254 predict pos is : (0, 1)
***********************************************
tracking
eye position is: 428 250 348 251 predict pos is : (0, 0)
***********************************************
tracking
eye position is: 428 250 348 252 predict pos is : (0, 1)
***********************************************
tracking
eye position is: 428 248 349 248 predict pos is : (0, 0)
***********************************************
tracking
eye position is: 428 244 347 246 predict pos is : (0, 0)
***********************************************
tracking
eye position is: 426 246 346 245 predict pos is : (0, 0)
***********************************************
tracking
eye position is: 424 246 342 244 predict pos is : (0, 0)
***********************************************
tracking
eye position is: 418 244 335 243 predict pos is : (1, 0)
***********************************************
tracking
eye position is: 414 242 330 242 predict pos is : (1, 0)
***********************************************
tracking
eye position is: 412 242 328 242 predict pos is : (1, 0)
***********************************************
tracking
eye position is: 411 243 326 242 predict pos is : (1, 0)
***********************************************
tracking
eye position is: 410 240 324 240 predict pos is : (1, 0)
***********************************************
tracking
eye position is: 410 243 324 244 predict pos is : (1, 0)
***********************************************
tracking
eye position is: 408 243 326 246 predict pos is : (1, 0)
***********************************************
tracking
eye position is: 409 249 328 248 predict pos is : (1, 0)
***********************************************
tracking
eye position is: 411 250 330 250 predict pos is : (1, 0)
***********************************************
tracking
eye position is: 411 251 328 252 predict pos is : (1, 1)
***********************************************
tracking
eye position is: 412 252 330 252 predict pos is : (1, 1)
***********************************************
tracking
eye position is: 413 252 329 252 predict pos is : (1, 1)
***********************************************
tracking
eye position is: 412 252 330 254 predict pos is : (1, 1)
***********************************************
tracking
eye position is: 412 252 332 254 predict pos is : (1, 1)
***********************************************
tracking
eye position is: 416 252 331 252 predict pos is : (1, 1)
***********************************************
tracking
eye position is: 414 252 332 252 predict pos is : (1, 1)
***********************************************
tracking
eye position is: 418 250 335 250 predict pos is : (1, 0)
***********************************************
tracking
eye position is: 422 247 340 248 predict pos is : (0, 0)
***********************************************
tracking
eye position is: 427 246 344 247 predict pos is : (0, 0)
***********************************************
tracking
eye position is: 428 243 347 243 predict pos is : (0, 0)
***********************************************
tracking
eye position is: 428 242 348 243 predict pos is : (0, 0)
***********************************************
tracking
eye position is: 429 242 349 242 predict pos is : (0, 0)
***********************************************
tracking
eye position is: 429 243 350 243 predict pos is : (0, 0)
***********************************************
tracking
eye position is: 429 242 350 243 predict pos is : (0, 0)
***********************************************
tracking
eye position is: 427 244 348 244 predict pos is : (0, 0)
***********************************************
tracking
eye position is: 427 249 347 250 predict pos is : (0, 0)
***********************************************
tracking
eye position is: 428 250 348 250 predict pos is : (0, 0)
***********************************************
tracking
eye position is: 428 254 350 254 predict pos is : (0, 1)
***********************************************
tracking
eye position is: 430 254 348 254 predict pos is : (0, 1)
***********************************************
tracking
eye position is: 429 254 348 255 predict pos is : (0, 1)
***********************************************
tracking
eye position is: 425 258 348 256 predict pos is : (0, 1)
***********************************************
tracking
eye position is: 430 255 348 256 predict pos is : (0, 1)
***********************************************
tracking
***********************************************
tracking
eye position is: 430 254 350 258 predict pos is : (0, 1)
***********************************************
tracking
eye position is: 429 256 350 258 predict pos is : (0, 1)
***********************************************
tracking
eye position is: 418 252 332 250 predict pos is : (1, 1)
***********************************************
tracking
eye position is: 404 248 320 246 predict pos is : (1, 0)
***********************************************
tracking
eye position is: 393 247 309 245 predict pos is : (2, 0)
***********************************************
tracking
eye position is: 388 246 307 246 predict pos is : (2, 0)
***********************************************
tracking
***********************************************
tracking
eye position is: 381 246 301 247 predict pos is : (2, 0)
***********************************************
tracking
***********************************************
tracking
eye position is: 382 246 300 247 predict pos is : (2, 0)
***********************************************
tracking
eye position is: 380 247 299 249 predict pos is : (2, 0)
***********************************************
tracking
eye position is: 380 246 299 248 predict pos is : (2, 0)
***********************************************
tracking
eye position is: 380 248 300 250 predict pos is : (2, 0)
***********************************************
tracking
eye position is: 382 246 302 248 predict pos is : (2, 0)
***********************************************
tracking
eye position is: 383 248 304 252 predict pos is : (2, 0)
***********************************************
tracking
eye position is: 386 250 304 254 predict pos is : (2, 1)
***********************************************
tracking
eye position is: 388 254 305 257 predict pos is : (2, 1)
***********************************************
tracking
eye position is: 390 256 307 260 predict pos is : (2, 2)
***********************************************
tracking
eye position is: 386 256 306 261 predict pos is : (2, 2)
***********************************************
tracking
eye position is: 386 258 304 262 predict pos is : (2, 2)
***********************************************
tracking
eye position is: 387 259 306 262 predict pos is : (2, 2)
***********************************************
tracking
eye position is: 390 262 307 266 predict pos is : (2, 2)
***********************************************
tracking
eye position is: 394 260 313 262 predict pos is : (2, 2)
***********************************************
tracking
eye position is: 399 257 318 260 predict pos is : (2, 2)
***********************************************
tracking
***********************************************
tracking
eye position is: 408 260 326 260 predict pos is : (1, 2)
***********************************************
tracking
eye position is: 409 259 326 260 predict pos is : (1, 2)
***********************************************
tracking
eye position is: 409 259 326 260 predict pos is : (1, 2)
***********************************************
tracking
eye position is: 407 255 325 256 predict pos is : (1, 1)
***********************************************
tracking
eye position is: 406 257 326 258 predict pos is : (1, 2)
***********************************************
tracking
eye position is: 408 252 327 253 predict pos is : (1, 1)
***********************************************
tracking
eye position is: 408 243 326 246 predict pos is : (1, 0)
***********************************************
tracking
eye position is: 410 239 328 242 predict pos is : (1, 0)
***********************************************
tracking
eye position is: 410 238 330 240 predict pos is : (1, 0)
***********************************************
tracking
eye position is: 410 234 328 236 predict pos is : (1, 0)
***********************************************
tracking
eye position is: 406 232 327 233 predict pos is : (1, 0)
***********************************************
tracking
eye position is: 410 234 326 236 predict pos is : (1, 0)
***********************************************
tracking
eye position is: 408 236 326 240 predict pos is : (1, 0)
***********************************************
tracking
eye position is: 410 243 327 246 predict pos is : (1, 0)
***********************************************
tracking
eye position is: 408 244 327 248 predict pos is : (1, 0)
***********************************************
tracking
eye position is: 408 252 326 252 predict pos is : (1, 1)
***********************************************
tracking
eye position is: 410 253 327 254 predict pos is : (1, 1)
***********************************************
tracking
eye position is: 409 255 326 258 predict pos is : (1, 1)
***********************************************
tracking
eye position is: 409 257 326 258 predict pos is : (1, 2)
***********************************************
tracking
eye position is: 408 260 326 260 predict pos is : (1, 2)
***********************************************
tracking
eye position is: 408 264 326 266 predict pos is : (1, 2)
***********************************************
tracking
eye position is: 410 264 326 268 predict pos is : (1, 2)
***********************************************
tracking
eye position is: 409 267 325 271 predict pos is : (1, 2)
***********************************************
tracking
eye position is: 408 264 325 268 predict pos is : (1, 2)
***********************************************
tracking
eye position is: 412 260 334 262 predict pos is : (1, 2)
***********************************************
tracking
eye position is: 422 252 342 256 predict pos is : (0, 1)
***********************************************
tracking
***********************************************
tracking
***********************************************
tracking
***********************************************
tracking
***********************************************
tracking
***********************************************
tracking
***********************************************
tracking
***********************************************
tracking
eye position is: 444 258 369 258 predict pos is : (0, 2)
***********************************************
tracking
***********************************************
tracking
***********************************************
tracking
eye position is: 440 268 364 266 predict pos is : (0, 2)
***********************************************
tracking
eye position is: 438 266 362 266 predict pos is : (0, 2)
***********************************************
tracking
***********************************************
tracking
***********************************************
tracking
***********************************************
tracking
***********************************************
tracking
***********************************************
tracking
eye position is: 424 239 345 241 predict pos is : (0, 0)
***********************************************
tracking
***********************************************
tracking
***********************************************
tracking
eye position is: 420 238 343 239 predict pos is : (0, 0)
***********************************************
tracking
eye position is: 344 240 300 242 predict pos is : (2, 0)
***********************************************
tracking
eye position is: 422 242 344 242 predict pos is : (0, 0)
***********************************************
tracking
eye position is: 420 242 343 242 predict pos is : (0, 0)
***********************************************
tracking
eye position is: 421 242 344 243 predict pos is : (0, 0)
***********************************************
tracking
eye position is: 419 242 342 246 predict pos is : (0, 0)
***********************************************
tracking
eye position is: 420 243 341 244 predict pos is : (0, 0)
***********************************************
tracking
eye position is: 420 248 342 248 predict pos is : (0, 0)
***********************************************
tracking
***********************************************
tracking
eye position is: 422 252 346 252 predict pos is : (0, 1)
***********************************************
tracking
eye position is: 422 254 344 254 predict pos is : (0, 1)
***********************************************
tracking
***********************************************
tracking
***********************************************
tracking
***********************************************
tracking
***********************************************
tracking
***********************************************
tracking
***********************************************
tracking
***********************************************
tracking
***********************************************
tracking
***********************************************
tracking
***********************************************
tracking
***********************************************
tracking
***********************************************
tracking
eye position is: 420 256 346 256 predict pos is : (0, 1)
***********************************************
tracking
eye position is: 422 256 346 253 predict pos is : (0, 1)
***********************************************
tracking
eye position is: 416 266 348 256 predict pos is : (0, 2)
***********************************************
tracking
eye position is: 422 256 347 254 predict pos is : (0, 1)
***********************************************
tracking
***********************************************
tracking
eye position is: 425 259 348 256 predict pos is : (0, 2)
***********************************************
tracking
***********************************************
tracking
***********************************************
tracking
eye position is: 424 258 348 257 predict pos is : (0, 2)
***********************************************
tracking
***********************************************
tracking
***********************************************
tracking
***********************************************
tracking
***********************************************
tracking
***********************************************
tracking
***********************************************
tracking
***********************************************
tracking
***********************************************
tracking
***********************************************
tracking
***********************************************
tracking
***********************************************
tracking
***********************************************
tracking
***********************************************
tracking
***********************************************
tracking
***********************************************
tracking
***********************************************
tracking
***********************************************
tracking
eye position is: 425 260 353 256 predict pos is : (0, 2)
***********************************************
tracking
***********************************************
tracking
***********************************************
tracking
***********************************************
tracking
***********************************************
tracking
eye position is: 424 263 352 258 predict pos is : (0, 2)
***********************************************
tracking
***********************************************
tracking
***********************************************
tracking
***********************************************
tracking
***********************************************
tracking
***********************************************
tracking
eye position is: 424 260 353 258 predict pos is : (0, 2)
***********************************************
tracking
***********************************************
tracking
***********************************************
tracking
***********************************************
tracking
***********************************************
tracking
***********************************************
tracking
***********************************************
tracking
***********************************************
tracking
***********************************************
tracking
***********************************************
tracking
***********************************************
tracking
***********************************************
tracking
***********************************************
tracking
***********************************************
tracking
***********************************************
tracking
***********************************************
tracking
***********************************************
tracking
***********************************************
tracking
***********************************************
tracking
***********************************************
tracking
***********************************************
tracking
***********************************************
tracking
***********************************************
tracking
***********************************************
tracking
***********************************************
tracking
***********************************************
tracking
***********************************************
tracking
eye position is: 430 260 352 258 predict pos is : (0, 2)
***********************************************
tracking
eye position is: 428 256 354 256 predict pos is : (0, 1)
***********************************************
tracking
***********************************************
tracking
***********************************************
tracking
***********************************************
tracking
eye position is: 426 253 353 252 predict pos is : (0, 1)
***********************************************
tracking
eye position is: 427 254 353 252 predict pos is : (0, 1)
***********************************************
tracking
***********************************************
tracking
***********************************************
tracking
***********************************************
tracking
***********************************************
tracking
***********************************************
tracking
***********************************************
tracking
***********************************************
tracking
***********************************************
tracking
***********************************************
tracking
***********************************************
tracking
***********************************************
tracking
***********************************************
tracking
***********************************************
tracking
***********************************************
tracking
***********************************************
tracking
***********************************************
tracking
***********************************************
tracking
***********************************************
tracking
***********************************************
tracking
***********************************************
tracking
eye position is: 528 266 418 257 predict pos is : (0, 2)
***********************************************
tracking
***********************************************
tracking
eye position is: 469 249 370 246 predict pos is : (0, 0)
***********************************************
tracking
***********************************************
tracking
eye position is: 434 242 344 244 predict pos is : (0, 0)
***********************************************
tracking
***********************************************
tracking
eye position is: 416 240 332 248 predict pos is : (1, 0)
***********************************************
tracking
eye position is: 408 240 326 248 predict pos is : (1, 0)
***********************************************
tracking
eye position is: 404 242 320 248 predict pos is : (1, 0)
***********************************************
tracking
eye position is: 402 245 318 248 predict pos is : (1, 0)
***********************************************
tracking
***********************************************
tracking
eye position is: 404 248 323 252 predict pos is : (1, 0)
***********************************************
tracking
eye position is: 404 248 323 251 predict pos is : (1, 0)
***********************************************
tracking
eye position is: 406 254 324 254 predict pos is : (1, 1)
***********************************************
tracking
eye position is: 414 252 330 253 predict pos is : (1, 1)
***********************************************
tracking
eye position is: 414 252 330 254 predict pos is : (1, 1)
***********************************************
tracking
***********************************************
tracking
eye position is: 416 254 331 250 predict pos is : (1, 1)
***********************************************
tracking
eye position is: 412 250 332 250 predict pos is : (1, 0)
***********************************************
tracking
eye position is: 414 252 331 254 predict pos is : (1, 1)
***********************************************
tracking
eye position is: 415 253 330 252 predict pos is : (1, 1)
***********************************************
tracking
eye position is: 414 253 332 254 predict pos is : (1, 1)
***********************************************
tracking
eye position is: 415 253 331 252 predict pos is : (1, 1)
***********************************************
tracking
eye position is: 416 250 333 251 predict pos is : (1, 0)
***********************************************
tracking
eye position is: 416 253 334 252 predict pos is : (1, 1)
***********************************************
tracking
eye position is: 424 251 340 252 predict pos is : (0, 1)
***********************************************
tracking
***********************************************
tracking
***********************************************
tracking
***********************************************
tracking
eye position is: 440 250 366 254 predict pos is : (0, 1)
***********************************************
tracking
***********************************************
tracking
***********************************************
tracking
***********************************************
tracking
***********************************************
tracking
***********************************************
tracking
***********************************************
tracking
***********************************************
tracking
***********************************************
tracking
***********************************************
tracking
***********************************************
tracking
***********************************************
tracking
***********************************************
tracking
***********************************************
tracking
***********************************************
tracking
***********************************************
tracking
***********************************************
tracking
***********************************************
tracking
***********************************************
tracking
eye position is: 448 250 372 256 predict pos is : (0, 1)
***********************************************
tracking
***********************************************
tracking
***********************************************
tracking
eye position is: 441 259 364 253 predict pos is : (0, 1)
***********************************************
tracking
***********************************************
tracking
eye position is: 442 256 364 252 predict pos is : (0, 1)
***********************************************
tracking
***********************************************
tracking
***********************************************
tracking
***********************************************
tracking
eye position is: 442 254 366 252 predict pos is : (0, 1)
***********************************************
tracking
***********************************************
tracking
***********************************************
tracking
***********************************************
tracking
***********************************************
tracking
eye position is: 440 258 365 253 predict pos is : (0, 1)
***********************************************
tracking
***********************************************
tracking
eye position is: 442 254 366 252 predict pos is : (0, 1)
***********************************************
tracking
***********************************************
tracking
eye position is: 444 255 366 252 predict pos is : (0, 1)
***********************************************
tracking
eye position is: 443 254 366 252 predict pos is : (0, 1)
***********************************************
tracking
eye position is: 443 253 367 251 predict pos is : (0, 1)
***********************************************
tracking
eye position is: 444 250 366 252 predict pos is : (0, 1)
***********************************************
tracking
***********************************************
tracking
eye position is: 444 252 368 252 predict pos is : (0, 1)
***********************************************
tracking
***********************************************
tracking
eye position is: 444 254 368 252 predict pos is : (0, 1)
***********************************************
tracking
eye position is: 444 255 368 252 predict pos is : (0, 1)
***********************************************
tracking
eye position is: 445 255 368 252 predict pos is : (0, 1)
***********************************************
tracking
eye position is: 444 254 368 252 predict pos is : (0, 1)
***********************************************
tracking
eye position is: 444 253 368 252 predict pos is : (0, 1)
***********************************************
tracking
eye position is: 444 250 367 252 predict pos is : (0, 1)
***********************************************
tracking
***********************************************
tracking
eye position is: 444 253 368 252 predict pos is : (0, 1)
***********************************************
tracking
eye position is: 444 254 366 252 predict pos is : (0, 1)
***********************************************
tracking
eye position is: 442 252 368 250 predict pos is : (0, 1)
***********************************************
tracking
***********************************************
tracking
***********************************************
tracking
eye position is: 444 241 370 238 predict pos is : (0, 0)
***********************************************
tracking
eye position is: 446 240 370 236 predict pos is : (0, 0)
***********************************************
tracking
***********************************************
tracking
***********************************************
tracking
***********************************************
tracking
***********************************************
tracking
***********************************************
tracking
***********************************************
tracking
***********************************************
tracking
***********************************************
tracking
***********************************************
tracking
***********************************************
tracking
***********************************************
tracking
***********************************************
tracking
***********************************************
tracking
***********************************************
tracking
***********************************************
tracking
***********************************************
tracking
***********************************************
tracking
***********************************************
tracking
***********************************************
tracking
***********************************************
tracking
***********************************************
tracking
***********************************************
tracking
***********************************************
tracking
***********************************************
tracking
***********************************************
tracking
***********************************************
tracking
***********************************************
tracking
***********************************************
tracking
***********************************************
tracking
***********************************************
tracking
***********************************************
tracking
***********************************************
tracking
***********************************************
tracking
***********************************************
tracking
***********************************************
tracking
***********************************************
tracking
***********************************************
tracking
***********************************************
tracking
***********************************************
tracking
***********************************************
tracking
***********************************************
tracking
***********************************************
tracking
***********************************************
tracking
***********************************************
tracking
***********************************************
tracking
***********************************************
tracking
***********************************************
tracking
***********************************************
tracking
***********************************************
tracking
***********************************************
tracking
***********************************************
tracking
***********************************************
tracking
eye position is: 444 250 368 250 predict pos is : (0, 0)
***********************************************
tracking
eye position is: 437 255 362 251 predict pos is : (0, 1)
***********************************************
tracking
eye position is: 432 254 356 250 predict pos is : (0, 1)
***********************************************
tracking
eye position is: 430 252 352 249 predict pos is : (0, 0)
***********************************************
tracking
eye position is: 428 250 350 248 predict pos is : (0, 0)
***********************************************
tracking
eye position is: 428 249 350 246 predict pos is : (0, 0)
***********************************************
tracking
***********************************************
tracking
***********************************************
tracking
***********************************************
tracking
***********************************************
tracking
***********************************************
tracking
eye position is: 427 250 350 249 predict pos is : (0, 0)
***********************************************
tracking
***********************************************
tracking
***********************************************
tracking
eye position is: 424 250 349 249 predict pos is : (0, 0)
***********************************************
tracking
eye position is: 419 255 348 250 predict pos is : (0, 1)
***********************************************
tracking
eye position is: 426 250 349 249 predict pos is : (0, 0)
***********************************************
tracking
***********************************************
tracking
eye position is: 425 251 348 248 predict pos is : (0, 0)
***********************************************
tracking
***********************************************
tracking
***********************************************
tracking
***********************************************
tracking
***********************************************
tracking
***********************************************
tracking
***********************************************
tracking
***********************************************
tracking
***********************************************
tracking
***********************************************
tracking
***********************************************
tracking
***********************************************
tracking
***********************************************
tracking
***********************************************
tracking
***********************************************
tracking
***********************************************
tracking
***********************************************
tracking
***********************************************
tracking
***********************************************
tracking
***********************************************
tracking
***********************************************
tracking
***********************************************
tracking
***********************************************
tracking
***********************************************
tracking
***********************************************
tracking
***********************************************
tracking
***********************************************
tracking
***********************************************
tracking
***********************************************
tracking
***********************************************
tracking
***********************************************
tracking
eye position is: 426 253 354 249 predict pos is : (0, 1)
***********************************************
tracking
***********************************************
tracking
***********************************************
tracking
***********************************************
tracking
***********************************************
tracking
***********************************************
tracking
***********************************************
tracking
***********************************************
tracking
***********************************************
tracking
***********************************************
tracking
***********************************************
tracking
***********************************************
tracking
***********************************************
tracking
***********************************************
tracking
eye position is: 430 238 354 236 predict pos is : (0, 0)
***********************************************
tracking
eye position is: 428 239 353 238 predict pos is : (0, 0)
***********************************************
tracking
eye position is: 429 237 352 236 predict pos is : (0, 0)
***********************************************
tracking
eye position is: 426 242 352 242 predict pos is : (0, 0)
***********************************************
tracking
eye position is: 429 243 352 242 predict pos is : (0, 0)
***********************************************
tracking
eye position is: 428 246 352 245 predict pos is : (0, 0)
***********************************************
tracking
eye position is: 428 246 352 244 predict pos is : (0, 0)
***********************************************
tracking
eye position is: 428 246 353 246 predict pos is : (0, 0)
***********************************************
tracking
eye position is: 430 248 353 247 predict pos is : (0, 0)
***********************************************
tracking
***********************************************
tracking
eye position is: 429 248 353 248 predict pos is : (0, 0)
***********************************************
tracking
eye position is: 426 250 353 248 predict pos is : (0, 0)
***********************************************
tracking
eye position is: 428 248 352 247 predict pos is : (0, 0)
***********************************************
tracking
eye position is: 426 248 350 248 predict pos is : (0, 0)
***********************************************
tracking
eye position is: 416 246 340 246 predict pos is : (1, 0)
***********************************************
tracking
eye position is: 409 247 333 246 predict pos is : (1, 0)
***********************************************
tracking
eye position is: 398 246 319 244 predict pos is : (2, 0)
***********************************************
tracking
eye position is: 390 247 310 246 predict pos is : (2, 0)
***********************************************
tracking
eye position is: 386 245 306 246 predict pos is : (2, 0)
***********************************************
tracking
eye position is: 386 246 306 246 predict pos is : (2, 0)
***********************************************
tracking
eye position is: 386 250 308 252 predict pos is : (2, 1)
***********************************************
tracking
eye position is: 390 250 310 251 predict pos is : (2, 0)
***********************************************
tracking
eye position is: 390 252 312 254 predict pos is : (2, 1)
***********************************************
tracking
eye position is: 390 252 310 252 predict pos is : (2, 1)
***********************************************
tracking
eye position is: 390 253 310 254 predict pos is : (2, 1)
***********************************************
tracking
eye position is: 392 252 314 253 predict pos is : (2, 1)
***********************************************
tracking
eye position is: 396 251 318 254 predict pos is : (2, 1)
***********************************************
tracking
eye position is: 396 254 319 255 predict pos is : (2, 1)
***********************************************
tracking
eye position is: 400 254 319 255 predict pos is : (2, 1)
***********************************************
tracking
***********************************************
tracking
eye position is: 406 256 326 258 predict pos is : (1, 1)
***********************************************
tracking
eye position is: 408 258 328 258 predict pos is : (1, 2)
***********************************************
tracking
***********************************************
tracking
***********************************************
tracking
***********************************************
tracking
***********************************************
tracking
***********************************************
tracking
***********************************************
tracking
***********************************************
tracking
***********************************************
tracking
***********************************************
tracking
***********************************************
tracking
***********************************************
tracking
***********************************************
tracking
***********************************************
tracking
***********************************************
tracking
***********************************************
tracking
***********************************************
tracking
eye position is: 430 258 356 256 predict pos is : (0, 1)
***********************************************
tracking
eye position is: 429 258 354 258 predict pos is : (0, 2)
***********************************************
tracking
***********************************************
tracking
eye position is: 421 257 344 257 predict pos is : (0, 1)
***********************************************
tracking
eye position is: 418 258 341 257 predict pos is : (0, 2)
***********************************************
tracking
***********************************************
tracking
eye position is: 416 256 340 256 predict pos is : (1, 1)
***********************************************
tracking
***********************************************
tracking
***********************************************
tracking
***********************************************
tracking
***********************************************
tracking
***********************************************
tracking
***********************************************
tracking
***********************************************
tracking
***********************************************
tracking
***********************************************
tracking
***********************************************
tracking
***********************************************
tracking
***********************************************
tracking
***********************************************
tracking
eye position is: 426 262 355 259 predict pos is : (0, 2)
***********************************************
tracking
***********************************************
tracking
***********************************************
tracking
***********************************************
tracking
eye position is: 425 252 353 252 predict pos is : (0, 1)
***********************************************
tracking
eye position is: 425 251 352 252 predict pos is : (0, 1)
***********************************************
tracking
***********************************************
tracking
***********************************************
tracking
***********************************************
tracking
eye position is: 425 255 354 254 predict pos is : (0, 1)
***********************************************
tracking
***********************************************
tracking
***********************************************
tracking
eye position is: 430 260 356 260 predict pos is : (0, 2)
***********************************************
tracking
***********************************************
tracking
eye position is: 427 261 354 260 predict pos is : (0, 2)
***********************************************
tracking
eye position is: 427 265 355 260 predict pos is : (0, 2)
***********************************************
tracking
***********************************************
tracking
eye position is: 428 261 354 262 predict pos is : (0, 2)
***********************************************
tracking
eye position is: 428 262 356 260 predict pos is : (0, 2)
***********************************************
tracking
***********************************************
tracking
***********************************************
tracking
***********************************************
tracking
***********************************************
tracking
***********************************************
tracking
***********************************************
tracking
***********************************************
tracking
***********************************************
tracking
***********************************************
tracking
***********************************************
tracking
***********************************************
tracking
***********************************************
tracking
***********************************************
tracking
***********************************************
tracking
***********************************************
tracking
***********************************************
tracking
***********************************************
tracking
***********************************************
tracking
***********************************************
tracking
***********************************************
tracking
***********************************************
tracking
***********************************************
tracking
***********************************************
tracking
***********************************************
tracking
***********************************************
tracking
***********************************************
tracking
***********************************************
tracking
***********************************************
tracking
***********************************************
tracking
***********************************************
tracking
***********************************************
tracking
***********************************************
tracking
***********************************************
tracking
***********************************************
tracking
***********************************************
tracking
***********************************************
tracking
***********************************************
tracking
***********************************************
tracking
***********************************************
tracking
***********************************************
tracking
***********************************************
tracking
***********************************************
tracking
***********************************************
tracking
***********************************************
tracking
eye position is: 432 262 356 260 predict pos is : (0, 2)
***********************************************
tracking
***********************************************
tracking
eye position is: 428 260 353 263 predict pos is : (0, 2)
***********************************************
tracking
eye position is: 422 261 349 264 predict pos is : (0, 2)
***********************************************
tracking
***********************************************
tracking
***********************************************
tracking
eye position is: 422 261 346 266 predict pos is : (0, 2)
***********************************************
tracking
***********************************************
tracking
eye position is: 423 262 350 265 predict pos is : (0, 2)
***********************************************
tracking
***********************************************
tracking
***********************************************
tracking
eye position is: 430 261 356 262 predict pos is : (0, 2)
***********************************************
tracking
eye position is: 428 259 354 261 predict pos is : (0, 2)
***********************************************
tracking
eye position is: 426 259 353 262 predict pos is : (0, 2)
***********************************************
tracking
eye position is: 353 261 346 262 predict pos is : (2, 2)
***********************************************
tracking
***********************************************
tracking
***********************************************
tracking
***********************************************
tracking
***********************************************
tracking
***********************************************
tracking
***********************************************
tracking
***********************************************
tracking
***********************************************
tracking
eye position is: 426 258 353 261 predict pos is : (0, 2)
***********************************************
tracking
***********************************************
tracking
***********************************************
tracking
eye position is: 423 258 350 260 predict pos is : (0, 2)
***********************************************
tracking
eye position is: 414 260 342 261 predict pos is : (1, 2)
***********************************************
tracking
eye position is: 398 260 324 260 predict pos is : (1, 2)
***********************************************
tracking
eye position is: 395 256 314 260 predict pos is : (2, 2)
***********************************************
tracking
eye position is: 386 258 309 260 predict pos is : (2, 2)
***********************************************
tracking
eye position is: 385 257 307 261 predict pos is : (2, 2)
***********************************************
tracking
***********************************************
tracking
eye position is: 382 256 307 261 predict pos is : (2, 2)
***********************************************
tracking
eye position is: 386 256 305 260 predict pos is : (2, 2)
***********************************************
tracking
***********************************************
tracking
***********************************************
tracking
eye position is: 401 255 326 261 predict pos is : (1, 2)
***********************************************
tracking
eye position is: 407 255 328 260 predict pos is : (1, 2)
***********************************************
tracking
eye position is: 389 342 338 260 predict pos is : (1, 2)
***********************************************
tracking
eye position is: 414 254 341 257 predict pos is : (1, 1)
***********************************************
tracking
***********************************************
tracking
***********************************************
tracking
eye position is: 424 253 352 256 predict pos is : (0, 1)
***********************************************
tracking
***********************************************
tracking
***********************************************
tracking
eye position is: 424 251 352 257 predict pos is : (0, 1)
***********************************************
tracking
***********************************************
tracking
eye position is: 402 344 352 260 predict pos is : (1, 2)
***********************************************
tracking
eye position is: 403 343 352 262 predict pos is : (1, 2)
***********************************************
tracking
***********************************************
tracking
***********************************************
tracking
***********************************************
tracking
***********************************************
tracking
eye position is: 402 350 354 264 predict pos is : (1, 2)
***********************************************
tracking
***********************************************
tracking
***********************************************
tracking
***********************************************
tracking
***********************************************
tracking
eye position is: 418 264 345 264 predict pos is : (0, 2)
***********************************************
tracking
***********************************************
tracking
***********************************************
tracking
***********************************************
tracking
***********************************************
tracking
***********************************************
tracking
***********************************************
tracking
***********************************************
tracking
***********************************************
tracking
***********************************************
tracking
***********************************************
tracking
***********************************************
tracking
***********************************************
tracking
***********************************************
tracking
***********************************************
tracking
***********************************************
tracking
***********************************************
tracking
***********************************************
tracking
***********************************************
tracking
eye position is: 418 264 348 262 predict pos is : (0, 2)
***********************************************
tracking
eye position is: 398 344 348 262 predict pos is : (1, 2)
***********************************************
tracking
***********************************************
tracking
eye position is: 418 258 344 260 predict pos is : (0, 2)
***********************************************
tracking
eye position is: 416 260 342 260 predict pos is : (1, 2)
***********************************************
tracking
***********************************************
tracking
eye position is: 418 258 342 261 predict pos is : (0, 2)
***********************************************
tracking
eye position is: 418 259 343 261 predict pos is : (0, 2)
***********************************************
tracking
eye position is: 393 346 348 260 predict pos is : (1, 2)
***********************************************
tracking
eye position is: 398 344 348 262 predict pos is : (1, 2)
***********************************************
tracking
eye position is: 419 258 347 261 predict pos is : (0, 2)
***********************************************
tracking
***********************************************
tracking
eye position is: 398 343 349 260 predict pos is : (1, 2)
***********************************************
tracking
***********************************************
tracking
***********************************************
tracking
***********************************************
tracking
eye position is: 395 343 344 258 predict pos is : (1, 2)
***********************************************
tracking
eye position is: 415 256 344 260 predict pos is : (0, 2)
***********************************************
tracking
***********************************************
tracking
***********************************************
tracking
eye position is: 420 256 344 258 predict pos is : (0, 1)
***********************************************
tracking
***********************************************
tracking
***********************************************
tracking
***********************************************
tracking
***********************************************
tracking
***********************************************
tracking
eye position is: 407 254 331 256 predict pos is : (1, 1)
***********************************************
tracking
***********************************************
tracking
***********************************************
tracking
***********************************************
tracking
***********************************************
tracking
eye position is: 390 252 312 247 predict pos is : (2, 0)
***********************************************
tracking
***********************************************
tracking
eye position is: 386 248 308 246 predict pos is : (2, 0)
***********************************************
tracking
eye position is: 385 248 307 243 predict pos is : (2, 0)
***********************************************
tracking
eye position is: 386 248 310 244 predict pos is : (2, 0)
***********************************************
tracking
eye position is: 382 248 309 245 predict pos is : (2, 0)
***********************************************
tracking
eye position is: 386 248 308 244 predict pos is : (2, 0)
***********************************************
tracking
eye position is: 390 250 310 244 predict pos is : (2, 0)
***********************************************
tracking
eye position is: 391 249 312 244 predict pos is : (2, 0)
***********************************************
tracking
***********************************************
tracking
eye position is: 359 294 316 242 predict pos is : (2, 2)
***********************************************
tracking
eye position is: 393 247 315 243 predict pos is : (2, 0)
***********************************************
tracking
eye position is: 390 248 317 242 predict pos is : (2, 0)
***********************************************
tracking
eye position is: 391 245 316 242 predict pos is : (2, 0)
***********************************************
tracking
***********************************************
tracking
***********************************************
tracking
***********************************************
tracking
***********************************************
tracking
***********************************************
tracking
***********************************************
tracking
***********************************************
tracking
***********************************************
tracking
***********************************************
tracking
***********************************************
tracking
***********************************************
tracking
***********************************************
tracking
***********************************************
tracking
***********************************************
tracking
***********************************************
tracking
***********************************************
tracking
***********************************************
tracking
***********************************************
tracking
***********************************************
tracking
***********************************************
tracking
***********************************************
tracking
***********************************************
tracking
***********************************************
tracking
***********************************************
tracking
***********************************************
tracking
***********************************************
tracking
***********************************************
tracking
***********************************************
tracking
***********************************************
tracking
***********************************************
tracking
***********************************************
tracking
***********************************************
tracking
***********************************************
tracking
***********************************************
tracking
***********************************************
tracking
eye position is: 388 238 308 233 predict pos is : (2, 0)
***********************************************
tracking
***********************************************
tracking
***********************************************
tracking
***********************************************
tracking
***********************************************
tracking
eye position is: 393 248 316 247 predict pos is : (2, 0)
***********************************************
tracking
***********************************************
tracking
***********************************************
tracking
***********************************************
tracking
***********************************************
tracking
***********************************************
tracking
***********************************************
tracking
***********************************************
tracking
***********************************************
tracking
***********************************************
tracking
***********************************************
tracking
***********************************************
tracking
***********************************************
tracking
***********************************************
tracking
***********************************************
tracking
***********************************************
tracking
***********************************************
tracking
***********************************************
tracking
***********************************************
tracking
***********************************************
tracking
***********************************************
tracking
***********************************************
tracking
***********************************************
tracking
***********************************************
tracking
***********************************************
tracking
***********************************************
tracking
***********************************************
tracking
***********************************************
tracking
***********************************************
tracking
***********************************************
tracking
***********************************************
tracking
***********************************************
tracking
***********************************************
tracking
***********************************************
tracking
***********************************************
tracking
eye position is: 400 236 320 234 predict pos is : (2, 0)
***********************************************
tracking
***********************************************
tracking
***********************************************
tracking
***********************************************
tracking
***********************************************
tracking
***********************************************
tracking
***********************************************
tracking
***********************************************
tracking
***********************************************
tracking
***********************************************
tracking
***********************************************
tracking
***********************************************
tracking
***********************************************
tracking
***********************************************
tracking
***********************************************
tracking
***********************************************
tracking
***********************************************
tracking
***********************************************
tracking
***********************************************
tracking
***********************************************
tracking
***********************************************
tracking
***********************************************
tracking
***********************************************
tracking
eye position is: 422 236 352 234 predict pos is : (0, 0)
***********************************************
tracking
eye position is: 421 237 349 233 predict pos is : (0, 0)
***********************************************
tracking
eye position is: 419 243 348 242 predict pos is : (0, 0)
***********************************************
tracking
***********************************************
tracking
eye position is: 420 251 348 250 predict pos is : (0, 0)
***********************************************
tracking
***********************************************
tracking
***********************************************
tracking
***********************************************
tracking
***********************************************
tracking
***********************************************
tracking
***********************************************
tracking
***********************************************
tracking
***********************************************
tracking
***********************************************
tracking
***********************************************
tracking
***********************************************
tracking
***********************************************
tracking
***********************************************
tracking
***********************************************
tracking
eye position is: 418 250 347 250 predict pos is : (0, 0)
***********************************************
tracking
***********************************************
tracking
***********************************************
tracking
***********************************************
tracking
***********************************************
tracking
***********************************************
tracking
***********************************************
tracking
***********************************************
tracking
***********************************************
tracking
eye position is: 399 241 320 239 predict pos is : (2, 0)
***********************************************
tracking
eye position is: 390 238 312 238 predict pos is : (2, 0)
***********************************************
tracking
eye position is: 391 244 314 243 predict pos is : (2, 0)
***********************************************
tracking
eye position is: 392 246 314 244 predict pos is : (2, 0)
***********************************************
tracking
eye position is: 392 246 312 244 predict pos is : (2, 0)
***********************************************
tracking
eye position is: 392 244 315 243 predict pos is : (2, 0)
***********************************************
tracking
eye position is: 392 246 315 244 predict pos is : (2, 0)
***********************************************
tracking
eye position is: 390 247 312 244 predict pos is : (2, 0)
***********************************************
tracking
eye position is: 387 250 310 248 predict pos is : (2, 0)
***********************************************
tracking
eye position is: 385 248 309 246 predict pos is : (2, 0)
***********************************************
tracking
eye position is: 374 246 299 247 predict pos is : (2, 0)
***********************************************
tracking
***********************************************
tracking
eye position is: 374 244 300 248 predict pos is : (2, 0)
***********************************************
tracking
***********************************************
tracking
eye position is: 399 241 326 248 predict pos is : (1, 0)
***********************************************
tracking
eye position is: 403 243 331 247 predict pos is : (1, 0)
***********************************************
tracking
eye position is: 408 242 334 246 predict pos is : (1, 0)
***********************************************
tracking
***********************************************
tracking
eye position is: 408 244 336 244 predict pos is : (1, 0)
***********************************************
tracking
eye position is: 407 243 336 246 predict pos is : (1, 0)
***********************************************
tracking
***********************************************
tracking
eye position is: 424 246 357 245 predict pos is : (0, 0)
***********************************************
tracking
***********************************************
tracking
***********************************************
tracking
***********************************************
tracking
***********************************************
tracking
***********************************************
tracking
***********************************************
tracking
eye position is: 386 246 371 245 predict pos is : (0, 0)
***********************************************
tracking
***********************************************
tracking
***********************************************
tracking
***********************************************
tracking
***********************************************
tracking
eye position is: 425 250 354 248 predict pos is : (0, 0)
***********************************************
tracking
eye position is: 423 248 354 249 predict pos is : (0, 0)
***********************************************
tracking
***********************************************
tracking
***********************************************
tracking
***********************************************
tracking
***********************************************
tracking
***********************************************
tracking
***********************************************
tracking
eye position is: 423 247 350 246 predict pos is : (0, 0)
***********************************************
tracking
***********************************************
tracking
***********************************************
tracking
***********************************************
tracking
eye position is: 424 253 353 253 predict pos is : (0, 1)
***********************************************
tracking
***********************************************
tracking
eye position is: 418 252 347 254 predict pos is : (0, 1)
***********************************************
tracking
eye position is: 418 252 346 254 predict pos is : (0, 1)
***********************************************
tracking
eye position is: 410 250 339 250 predict pos is : (1, 0)
***********************************************
tracking
eye position is: 410 248 337 248 predict pos is : (1, 0)
***********************************************
tracking
eye position is: 409 242 338 244 predict pos is : (1, 0)
***********************************************
tracking
eye position is: 408 248 336 246 predict pos is : (1, 0)
***********************************************
tracking
eye position is: 408 244 335 243 predict pos is : (1, 0)
***********************************************
tracking
***********************************************
tracking
***********************************************
tracking
***********************************************
tracking
eye position is: 401 244 324 242 predict pos is : (1, 0)
***********************************************
tracking
eye position is: 398 242 326 243 predict pos is : (1, 0)
***********************************************
tracking
***********************************************
tracking
***********************************************
tracking
***********************************************
tracking
eye position is: 400 250 326 250 predict pos is : (1, 0)
***********************************************
tracking
***********************************************
tracking
***********************************************
tracking
***********************************************
tracking
***********************************************
tracking
***********************************************
tracking
***********************************************
tracking
***********************************************
tracking
eye position is: 403 258 330 260 predict pos is : (1, 2)
***********************************************
tracking
eye position is: 402 260 330 262 predict pos is : (1, 2)
***********************************************
tracking
eye position is: 400 260 329 260 predict pos is : (1, 2)
***********************************************
tracking
eye position is: 402 260 326 262 predict pos is : (1, 2)
***********************************************
tracking
eye position is: 404 260 326 260 predict pos is : (1, 2)
***********************************************
tracking
***********************************************
tracking
eye position is: 394 260 320 262 predict pos is : (2, 2)
***********************************************
tracking
eye position is: 393 260 320 265 predict pos is : (2, 2)
***********************************************
tracking
***********************************************
tracking
eye position is: 390 260 318 264 predict pos is : (2, 2)
***********************************************
tracking
eye position is: 393 260 317 264 predict pos is : (2, 2)
***********************************************
tracking
eye position is: 394 258 318 263 predict pos is : (2, 2)
***********************************************
tracking
eye position is: 393 260 318 265 predict pos is : (2, 2)
***********************************************
tracking
***********************************************
tracking
***********************************************
tracking
***********************************************
tracking
eye position is: 394 258 320 262 predict pos is : (2, 2)
***********************************************
tracking
***********************************************
tracking
eye position is: 392 257 321 262 predict pos is : (2, 2)
***********************************************
tracking
eye position is: 392 257 320 261 predict pos is : (2, 2)
***********************************************
tracking
eye position is: 390 258 321 264 predict pos is : (2, 2)
***********************************************
tracking
***********************************************
tracking
***********************************************
tracking
***********************************************
tracking
eye position is: 394 256 322 260 predict pos is : (2, 2)
***********************************************
tracking
***********************************************
tracking
***********************************************
tracking
eye position is: 390 256 322 258 predict pos is : (2, 1)
***********************************************
tracking
***********************************************
tracking
***********************************************
tracking
***********************************************
tracking
***********************************************
tracking
***********************************************
tracking
***********************************************
tracking
***********************************************
tracking
***********************************************
tracking
eye position is: 387 251 320 254 predict pos is : (2, 1)
***********************************************
tracking
***********************************************
tracking
eye position is: 370 256 304 260 predict pos is : (2, 2)
***********************************************
tracking
***********************************************
tracking
***********************************************
tracking
eye position is: 296 268 284 268 predict pos is : (2, 2)
***********************************************
tracking
***********************************************
tracking
***********************************************
tracking
***********************************************
tracking
***********************************************
tracking
eye position is: 387 265 309 271 predict pos is : (2, 2)
***********************************************
tracking
eye position is: 393 261 314 264 predict pos is : (2, 2)
***********************************************
tracking
***********************************************
tracking
eye position is: 408 262 326 266 predict pos is : (1, 2)
***********************************************
tracking
eye position is: 416 266 333 268 predict pos is : (1, 2)
***********************************************
tracking
***********************************************
tracking
***********************************************
tracking
***********************************************
tracking
eye position is: 434 278 348 278 predict pos is : (0, 2)
***********************************************
tracking
***********************************************
tracking
***********************************************
tracking
eye position is: 344 279 340 276 predict pos is : (2, 2)
***********************************************
tracking
eye position is: 436 277 346 277 predict pos is : (0, 2)
***********************************************
tracking
eye position is: 438 274 349 274 predict pos is : (0, 2)
***********************************************
tracking
eye position is: 424 276 340 276 predict pos is : (0, 2)
***********************************************
tracking
***********************************************
tracking
eye position is: 424 266 334 266 predict pos is : (1, 2)
***********************************************
tracking
***********************************************
tracking
***********************************************
tracking
eye position is: 434 264 346 264 predict pos is : (0, 2)
***********************************************
tracking
eye position is: 430 266 340 268 predict pos is : (0, 2)
***********************************************
tracking
eye position is: 430 264 341 262 predict pos is : (0, 2)
***********************************************
tracking
eye position is: 426 264 338 262 predict pos is : (0, 2)
***********************************************
tracking
***********************************************
tracking
***********************************************
tracking
eye position is: 424 266 334 264 predict pos is : (1, 2)
***********************************************
tracking
***********************************************
tracking
eye position is: 426 270 334 268 predict pos is : (0, 2)
***********************************************
tracking
eye position is: 424 266 333 266 predict pos is : (1, 2)
***********************************************
tracking
eye position is: 384 362 334 264 predict pos is : (2, 2)
***********************************************
tracking
***********************************************
tracking
***********************************************
tracking
***********************************************
tracking
***********************************************
tracking
***********************************************
tracking
***********************************************
tracking
***********************************************
tracking
***********************************************
tracking
***********************************************
tracking
***********************************************
tracking
***********************************************
tracking
***********************************************
tracking
***********************************************
tracking
***********************************************
tracking
***********************************************
tracking
***********************************************
tracking
***********************************************
tracking
***********************************************
tracking
***********************************************
tracking
***********************************************
tracking
***********************************************
tracking
***********************************************
tracking
***********************************************
tracking
***********************************************
tracking
***********************************************
tracking
***********************************************
tracking
***********************************************
tracking
***********************************************
tracking
***********************************************
tracking
***********************************************
tracking
***********************************************
tracking
***********************************************
tracking
***********************************************
tracking
***********************************************
tracking
***********************************************
tracking
***********************************************
tracking
***********************************************
tracking
***********************************************
tracking
***********************************************
tracking
***********************************************
tracking
***********************************************
tracking
***********************************************
tracking
***********************************************
tracking
***********************************************
tracking
***********************************************
tracking
***********************************************
tracking
***********************************************
tracking
***********************************************
tracking
***********************************************
tracking
***********************************************
tracking
***********************************************
tracking
***********************************************
tracking
***********************************************
tracking
***********************************************
tracking
***********************************************
tracking
***********************************************
tracking
***********************************************
tracking
***********************************************
tracking
***********************************************
tracking
***********************************************
tracking
***********************************************
tracking
***********************************************
tracking
***********************************************
tracking
***********************************************
tracking
***********************************************
tracking
***********************************************
tracking
***********************************************
tracking
***********************************************
tracking
***********************************************
tracking
***********************************************
tracking
***********************************************
tracking
***********************************************
tracking
***********************************************
tracking
***********************************************
tracking
***********************************************
tracking
***********************************************
tracking
***********************************************
tracking
***********************************************
tracking
***********************************************
tracking
***********************************************
tracking
***********************************************
tracking
***********************************************
tracking
***********************************************
tracking
***********************************************
tracking
***********************************************
tracking
***********************************************
tracking
***********************************************
tracking
***********************************************
tracking
***********************************************
tracking
***********************************************
tracking
***********************************************
tracking
***********************************************
tracking
